<?xml version="1.0" encoding="UTF-8"?>
<!-- Generated by org.testng.reporters.JUnitReportReporter -->
<testsuite ignored="0" hostname="LAPTOP-272S7SFP" failures="0" tests="1" name="Tutorialinter.Prueba01.AppTest" time="0.607" errors="0" timestamp="12 sep. 2020 14:29:38 GMT" skipped="0">
  <testcase classname="Tutorialinter.Prueba01.AppTest" name="Caso1Login" time="0.607"/>
</testsuite> <!-- Tutorialinter.Prueba01.AppTest -->
