<?xml version="1.0" encoding="UTF-8"?>
<!-- Generated by org.testng.reporters.JUnitReportReporter -->
<testsuite ignored="0" hostname="LAPTOP-272S7SFP" failures="0" tests="1" name="Tutorialinter.Prueba01.AppTest2" time="32.860" errors="0" timestamp="15 sep. 2020 19:55:21 GMT" skipped="0">
  <testcase classname="Tutorialinter.Prueba01.AppTest2" name="Caso2Login" time="32.860"/>
</testsuite> <!-- Tutorialinter.Prueba01.AppTest2 -->
