<?xml version="1.0" encoding="UTF-8"?>
<!-- Generated by org.testng.reporters.JUnitReportReporter -->
<testsuite ignored="0" hostname="LAPTOP-272S7SFP" failures="0" tests="1" name="Tutorialinter.Prueba01.AppTest3" time="2.749" errors="0" timestamp="15 sep. 2020 01:37:14 GMT" skipped="0">
  <testcase classname="Tutorialinter.Prueba01.AppTest3" name="Caso3Login" time="2.749"/>
</testsuite> <!-- Tutorialinter.Prueba01.AppTest3 -->
