<?xml version="1.0" encoding="UTF-8"?>
<!-- Generated by org.testng.reporters.JUnitReportReporter -->
<testsuite ignored="0" hostname="LAPTOP-272S7SFP" failures="0" tests="1" name="Tutorialinter.Prueba01.AppTest" time="10.283" errors="0" timestamp="18 sep. 2020 01:25:28 GMT" skipped="0">
  <testcase classname="Tutorialinter.Prueba01.AppTest" name="Caso1Login" time="10.283"/>
</testsuite> <!-- Tutorialinter.Prueba01.AppTest -->
